Determining if the pthread_create exist failed with the following output:
Change Dir: /home/pako/b1communicator/client/bin/CMakeFiles/CMakeTmp

Run Build Command:"/usr/bin/make" "cmTC_b3d39/fast"
/usr/bin/make -f CMakeFiles/cmTC_b3d39.dir/build.make CMakeFiles/cmTC_b3d39.dir/build
make[1]: Entering directory '/home/pako/b1communicator/client/bin/CMakeFiles/CMakeTmp'
Building C object CMakeFiles/cmTC_b3d39.dir/CheckSymbolExists.c.o
/usr/bin/cc     -o CMakeFiles/cmTC_b3d39.dir/CheckSymbolExists.c.o   -c /home/pako/b1communicator/client/bin/CMakeFiles/CMakeTmp/CheckSymbolExists.c
Linking C executable cmTC_b3d39
/usr/bin/cmake -E cmake_link_script CMakeFiles/cmTC_b3d39.dir/link.txt --verbose=1
/usr/bin/cc       CMakeFiles/cmTC_b3d39.dir/CheckSymbolExists.c.o  -o cmTC_b3d39 -rdynamic 
CMakeFiles/cmTC_b3d39.dir/CheckSymbolExists.c.o: In function `main':
CheckSymbolExists.c:(.text+0x16): undefined reference to `pthread_create'
collect2: error: ld returned 1 exit status
CMakeFiles/cmTC_b3d39.dir/build.make:97: recipe for target 'cmTC_b3d39' failed
make[1]: *** [cmTC_b3d39] Error 1
make[1]: Leaving directory '/home/pako/b1communicator/client/bin/CMakeFiles/CMakeTmp'
Makefile:126: recipe for target 'cmTC_b3d39/fast' failed
make: *** [cmTC_b3d39/fast] Error 2

File /home/pako/b1communicator/client/bin/CMakeFiles/CMakeTmp/CheckSymbolExists.c:
/* */
#include <pthread.h>

int main(int argc, char** argv)
{
  (void)argv;
#ifndef pthread_create
  return ((int*)(&pthread_create))[argc];
#else
  (void)argc;
  return 0;
#endif
}

Determining if the function pthread_create exists in the pthreads failed with the following output:
Change Dir: /home/pako/b1communicator/client/bin/CMakeFiles/CMakeTmp

Run Build Command:"/usr/bin/make" "cmTC_808eb/fast"
/usr/bin/make -f CMakeFiles/cmTC_808eb.dir/build.make CMakeFiles/cmTC_808eb.dir/build
make[1]: Entering directory '/home/pako/b1communicator/client/bin/CMakeFiles/CMakeTmp'
Building C object CMakeFiles/cmTC_808eb.dir/CheckFunctionExists.c.o
/usr/bin/cc    -DCHECK_FUNCTION_EXISTS=pthread_create   -o CMakeFiles/cmTC_808eb.dir/CheckFunctionExists.c.o   -c /usr/share/cmake-3.5/Modules/CheckFunctionExists.c
Linking C executable cmTC_808eb
/usr/bin/cmake -E cmake_link_script CMakeFiles/cmTC_808eb.dir/link.txt --verbose=1
/usr/bin/cc   -DCHECK_FUNCTION_EXISTS=pthread_create    CMakeFiles/cmTC_808eb.dir/CheckFunctionExists.c.o  -o cmTC_808eb -rdynamic -lpthreads 
/usr/bin/ld: cannot find -lpthreads
collect2: error: ld returned 1 exit status
CMakeFiles/cmTC_808eb.dir/build.make:97: recipe for target 'cmTC_808eb' failed
make[1]: *** [cmTC_808eb] Error 1
make[1]: Leaving directory '/home/pako/b1communicator/client/bin/CMakeFiles/CMakeTmp'
Makefile:126: recipe for target 'cmTC_808eb/fast' failed
make: *** [cmTC_808eb/fast] Error 2


